[    0.000000] Linux version 4.15.0-147-generic (buildd@lcy01-amd64-028) (gcc version 7.5.0 (Ubuntu 7.5.0-3ubuntu1~18.04)) #151-Ubuntu SMP Fri Jun 18 19:21:19 UTC 2021 (Ubuntu 4.15.0-147.151-generic 4.15.18)
[    0.000000] Command line: BOOT_IMAGE=/boot/vmlinuz-4.15.0-147-generic root=LABEL=cloudimg-rootfs ro console=tty1 console=ttyS0
[    0.000000] KERNEL supported cpus:
[    0.000000]   Intel GenuineIntel
[    0.000000]   AMD AuthenticAMD
[    0.000000]   Centaur CentaurHauls
[    0.000000] x86/fpu: Supporting XSAVE feature 0x001: 'x87 floating point registers'
[    0.000000] x86/fpu: Supporting XSAVE feature 0x002: 'SSE registers'
[    0.000000] x86/fpu: Supporting XSAVE feature 0x004: 'AVX registers'
[    0.000000] x86/fpu: xstate_offset[2]:  576, xstate_sizes[2]:  256
[    0.000000] x86/fpu: Enabled xstate features 0x7, context size is 832 bytes, using 'standard' format.
[    0.000000] e820: BIOS-provided physical RAM map:
[    0.000000] BIOS-e820: [mem 0x0000000000000000-0x000000000009fbff] usable
[    0.000000] BIOS-e820: [mem 0x000000000009fc00-0x000000000009ffff] reserved
[    0.000000] BIOS-e820: [mem 0x00000000000f0000-0x00000000000fffff] reserved
[    0.000000] BIOS-e820: [mem 0x0000000000100000-0x000000003ffeffff] usable
[    0.000000] BIOS-e820: [mem 0x000000003fff0000-0x000000003fffffff] ACPI data
[    0.000000] BIOS-e820: [mem 0x00000000fec00000-0x00000000fec00fff] reserved
[    0.000000] BIOS-e820: [mem 0x00000000fee00000-0x00000000fee00fff] reserved
[    0.000000] BIOS-e820: [mem 0x00000000fffc0000-0x00000000ffffffff] reserved
[    0.000000] NX (Execute Disable) protection: active
[    0.000000] SMBIOS 2.5 present.
[    0.000000] DMI: innotek GmbH VirtualBox/VirtualBox, BIOS VirtualBox 12/01/2006
[    0.000000] Hypervisor detected: KVM
[    0.000000] e820: last_pfn = 0x3fff0 max_arch_pfn = 0x400000000
[    0.000000] MTRR: Disabled
[    0.000000] x86/PAT: MTRRs disabled, skipping PAT initialization too.
[    0.000000] CPU MTRRs all blank - virtualized system.
[    0.000000] x86/PAT: Configuration [0-7]: WB  WT  UC- UC  WB  WT  UC- UC  
[    0.000000] found SMP MP-table at [mem 0x0009fff0-0x0009ffff]
[    0.000000] Scanning 1 areas for low memory corruption
[    0.000000] RAMDISK: [mem 0x359d1000-0x36cdffff]
[    0.000000] ACPI: Early table checksum verification disabled
[    0.000000] ACPI: RSDP 0x00000000000E0000 000024 (v02 VBOX  )
[    0.000000] ACPI: XSDT 0x000000003FFF0030 00003C (v01 VBOX   VBOXXSDT 00000001 ASL  00000061)
[    0.000000] ACPI: FACP 0x000000003FFF00F0 0000F4 (v04 VBOX   VBOXFACP 00000001 ASL  00000061)
[    0.000000] ACPI: DSDT 0x000000003FFF0470 002325 (v02 VBOX   VBOXBIOS 00000002 INTL 20100528)
[    0.000000] ACPI: FACS 0x000000003FFF0200 000040
[    0.000000] ACPI: FACS 0x000000003FFF0200 000040
[    0.000000] ACPI: APIC 0x000000003FFF0240 00005C (v02 VBOX   VBOXAPIC 00000001 ASL  00000061)
[    0.000000] ACPI: SSDT 0x000000003FFF02A0 0001CC (v01 VBOX   VBOXCPUT 00000002 INTL 20100528)
[    0.000000] ACPI: Reserving FACP table memory at [mem 0x3fff00f0-0x3fff01e3]
[    0.000000] ACPI: Reserving DSDT table memory at [mem 0x3fff0470-0x3fff2794]
[    0.000000] ACPI: Reserving FACS table memory at [mem 0x3fff0200-0x3fff023f]
[    0.000000] ACPI: Reserving FACS table memory at [mem 0x3fff0200-0x3fff023f]
[    0.000000] ACPI: Reserving APIC table memory at [mem 0x3fff0240-0x3fff029b]
[    0.000000] ACPI: Reserving SSDT table memory at [mem 0x3fff02a0-0x3fff046b]
[    0.000000] No NUMA configuration found
[    0.000000] Faking a node at [mem 0x0000000000000000-0x000000003ffeffff]
[    0.000000] NODE_DATA(0) allocated [mem 0x3ffc5000-0x3ffeffff]
[    0.000000] kvm-clock: cpu 0, msr 0:3ff44001, primary cpu clock
[    0.000000] kvm-clock: Using msrs 4b564d01 and 4b564d00
[    0.000000] kvm-clock: using sched offset of 4890823263 cycles
[    0.000000] clocksource: kvm-clock: mask: 0xffffffffffffffff max_cycles: 0x1cd42e4dffb, max_idle_ns: 881590591483 ns
[    0.000000] Zone ranges:
[    0.000000]   DMA      [mem 0x0000000000001000-0x0000000000ffffff]
[    0.000000]   DMA32    [mem 0x0000000001000000-0x000000003ffeffff]
[    0.000000]   Normal   empty
[    0.000000]   Device   empty
[    0.000000] Movable zone start for each node
[    0.000000] Early memory node ranges
[    0.000000]   node   0: [mem 0x0000000000001000-0x000000000009efff]
[    0.000000]   node   0: [mem 0x0000000000100000-0x000000003ffeffff]
[    0.000000] Reserved but unavailable: 104 pages
[    0.000000] Initmem setup node 0 [mem 0x0000000000001000-0x000000003ffeffff]
[    0.000000] ACPI: PM-Timer IO Port: 0x4008
[    0.000000] IOAPIC[0]: apic_id 2, version 32, address 0xfec00000, GSI 0-23
[    0.000000] ACPI: INT_SRC_OVR (bus 0 bus_irq 0 global_irq 2 dfl dfl)
[    0.000000] ACPI: INT_SRC_OVR (bus 0 bus_irq 9 global_irq 9 low level)
[    0.000000] Using ACPI (MADT) for SMP configuration information
[    0.000000] smpboot: Allowing 2 CPUs, 0 hotplug CPUs
[    0.000000] PM: Registered nosave memory: [mem 0x00000000-0x00000fff]
[    0.000000] PM: Registered nosave memory: [mem 0x0009f000-0x0009ffff]
[    0.000000] PM: Registered nosave memory: [mem 0x000a0000-0x000effff]
[    0.000000] PM: Registered nosave memory: [mem 0x000f0000-0x000fffff]
[    0.000000] e820: [mem 0x40000000-0xfebfffff] available for PCI devices
[    0.000000] Booting paravirtualized kernel on KVM
[    0.000000] clocksource: refined-jiffies: mask: 0xffffffff max_cycles: 0xffffffff, max_idle_ns: 7645519600211568 ns
[    0.000000] random: get_random_bytes called from start_kernel+0x99/0x500 with crng_init=0
[    0.000000] setup_percpu: NR_CPUS:8192 nr_cpumask_bits:2 nr_cpu_ids:2 nr_node_ids:1
[    0.000000] percpu: Embedded 45 pages/cpu s147456 r8192 d28672 u1048576
[    0.000000] PV qspinlock hash table entries: 256 (order: 0, 4096 bytes)
[    0.000000] Built 1 zonelists, mobility grouping on.  Total pages: 257913
[    0.000000] Policy zone: DMA32
[    0.000000] Kernel command line: BOOT_IMAGE=/boot/vmlinuz-4.15.0-147-generic root=LABEL=cloudimg-rootfs ro console=tty1 console=ttyS0
[    0.000000] Memory: 982720K/1048120K available (12300K kernel code, 2483K rwdata, 4320K rodata, 2448K init, 2724K bss, 65400K reserved, 0K cma-reserved)
[    0.000000] SLUB: HWalign=64, Order=0-3, MinObjects=0, CPUs=2, Nodes=1
[    0.000000] Kernel/User page tables isolation: enabled
[    0.000000] ftrace: allocating 39457 entries in 155 pages
[    0.004000] Hierarchical RCU implementation.
[    0.004000] 	RCU restricting CPUs from NR_CPUS=8192 to nr_cpu_ids=2.
[    0.004000] 	Tasks RCU enabled.
[    0.004000] RCU: Adjusting geometry for rcu_fanout_leaf=16, nr_cpu_ids=2
[    0.004000] NR_IRQS: 524544, nr_irqs: 440, preallocated irqs: 16
[    0.004000] Console: colour VGA+ 80x25
[    0.004000] console [tty1] enabled
[    0.004000] console [ttyS0] enabled
[    0.004000] ACPI: Core revision 20170831
[    0.004000] ACPI: 2 ACPI AML tables successfully acquired and loaded
[    0.004000] APIC: Switch to symmetric I/O mode setup
[    0.004000] x2apic enabled
[    0.004011] Switched APIC routing to physical x2apic.
[    0.008000] ..TIMER: vector=0x30 apic1=0 pin1=2 apic2=-1 pin2=-1
[    0.008009] tsc: Detected 1992.001 MHz processor
[    0.009950] Calibrating delay loop (skipped) preset value.. 3984.00 BogoMIPS (lpj=7968004)
[    0.012007] pid_max: default: 32768 minimum: 301
[    0.016076] Security Framework initialized
[    0.018003] Yama: becoming mindful.
[    0.020052] AppArmor: AppArmor initialized
[    0.024071] Dentry cache hash table entries: 131072 (order: 8, 1048576 bytes)
[    0.028104] Inode-cache hash table entries: 65536 (order: 7, 524288 bytes)
[    0.031420] Mount-cache hash table entries: 2048 (order: 2, 16384 bytes)
[    0.032017] Mountpoint-cache hash table entries: 2048 (order: 2, 16384 bytes)
[    0.036545] Last level iTLB entries: 4KB 64, 2MB 8, 4MB 8
[    0.040006] Last level dTLB entries: 4KB 64, 2MB 0, 4MB 0, 1GB 4
[    0.042576] Spectre V1 : Mitigation: usercopy/swapgs barriers and __user pointer sanitization
[    0.044008] Spectre V2 : Mitigation: Full generic retpoline
[    0.048004] Spectre V2 : Spectre v2 / SpectreRSB mitigation: Filling RSB on context switch
[    0.052007] Speculative Store Bypass: Vulnerable
[    0.056088] SRBDS: Unknown: Dependent on hypervisor status
[    0.058354] MDS: Mitigation: Clear CPU buffers
[    0.060226] Freeing SMP alternatives memory: 36K
[    0.170170] smpboot: CPU0: Intel(R) Core(TM) i3-6006U CPU @ 2.00GHz (family: 0x6, model: 0x4e, stepping: 0x3)
[    0.172147] Performance Events: unsupported p6 CPU model 78 no PMU driver, software events only.
[    0.176105] Hierarchical SRCU implementation.
[    0.180471] NMI watchdog: Perf event create on CPU 0 failed with -2
[    0.184010] NMI watchdog: Perf NMI watchdog permanently disabled
[    0.188137] smp: Bringing up secondary CPUs ...
[    0.192249] x86: Booting SMP configuration:
[    0.196011] .... node  #0, CPUs:      #1
[    0.004000] kvm-clock: cpu 1, msr 0:3ff44041, secondary cpu clock
[    0.232043] smp: Brought up 1 node, 2 CPUs
[    0.234717] smpboot: Max logical packages: 1
[    0.236018] smpboot: Total of 2 processors activated (7968.00 BogoMIPS)
[    0.240377] devtmpfs: initialized
[    0.242033] x86/mm: Memory block size: 128MB
[    0.244606] evm: security.selinux
[    0.248012] evm: security.SMACK64
[    0.249984] evm: security.SMACK64EXEC
[    0.252012] evm: security.SMACK64TRANSMUTE
[    0.254460] evm: security.SMACK64MMAP
[    0.256010] evm: security.apparmor
[    0.260007] evm: security.ima
[    0.261494] evm: security.capability
[    0.264143] clocksource: jiffies: mask: 0xffffffff max_cycles: 0xffffffff, max_idle_ns: 7645041785100000 ns
[    0.276027] futex hash table entries: 512 (order: 3, 32768 bytes)
[    0.280100] pinctrl core: initialized pinctrl subsystem
[    0.280206] RTC time:  7:32:49, date: 07/18/21
[    0.288173] NET: Registered protocol family 16
[    0.292220] audit: initializing netlink subsys (disabled)
[    0.296070] audit: type=2000 audit(1626593575.631:1): state=initialized audit_enabled=0 res=1
[    0.300084] cpuidle: using governor ladder
[    0.300084] cpuidle: using governor menu
[    0.308166] ACPI: bus type PCI registered
[    0.308166] acpiphp: ACPI Hot Plug PCI Controller Driver version: 0.5
[    0.312065] PCI: Using configuration type 1 for base access
[    0.320243] HugeTLB registered 2.00 MiB page size, pre-allocated 0 pages
[    0.324161] ACPI: Added _OSI(Module Device)
[    0.328004] ACPI: Added _OSI(Processor Device)
[    0.328009] ACPI: Added _OSI(3.0 _SCP Extensions)
[    0.332013] ACPI: Added _OSI(Processor Aggregator Device)
[    0.332033] ACPI: Added _OSI(Linux-Dell-Video)
[    0.340052] ACPI: Added _OSI(Linux-Lenovo-NV-HDMI-Audio)
[    0.344012] ACPI: Added _OSI(Linux-HPI-Hybrid-Graphics)
[    0.344688] ACPI: Executed 1 blocks of module-level executable AML code
[    0.360335] ACPI: Interpreter enabled
[    0.361907] ACPI: (supports S0 S5)
[    0.363376] ACPI: Using IOAPIC for interrupt routing
[    0.364532] PCI: Using host bridge windows from ACPI; if necessary, use "pci=nocrs" and report a bug
[    0.372499] ACPI: Enabled 2 GPEs in block 00 to 07
[    0.404079] ACPI: PCI Root Bridge [PCI0] (domain 0000 [bus 00-ff])
[    0.412018] acpi PNP0A03:00: _OSC: OS supports [ASPM ClockPM Segments MSI]
[    0.416780] acpi PNP0A03:00: _OSC: not requesting OS control; OS requires [ExtendedConfig ASPM ClockPM MSI]
[    0.424041] acpi PNP0A03:00: fail to add MMCONFIG information, can't access extended PCI configuration space under this bridge.
[    0.433142] PCI host bridge to bus 0000:00
[    0.440037] pci_bus 0000:00: root bus resource [io  0x0000-0x0cf7 window]
[    0.444047] pci_bus 0000:00: root bus resource [io  0x0d00-0xffff window]
[    0.447780] pci_bus 0000:00: root bus resource [mem 0x000a0000-0x000bffff window]
[    0.460017] pci_bus 0000:00: root bus resource [mem 0x40000000-0xfdffffff window]
[    0.464009] pci_bus 0000:00: root bus resource [bus 00-ff]
[    0.475095] pci 0000:00:01.1: legacy IDE quirk: reg 0x10: [io  0x01f0-0x01f7]
[    0.480009] pci 0000:00:01.1: legacy IDE quirk: reg 0x14: [io  0x03f6]
[    0.482163] pci 0000:00:01.1: legacy IDE quirk: reg 0x18: [io  0x0170-0x0177]
[    0.484012] pci 0000:00:01.1: legacy IDE quirk: reg 0x1c: [io  0x0376]
[    0.541858] pci 0000:00:07.0: quirk: [io  0x4000-0x403f] claimed by PIIX4 ACPI
[    0.544051] pci 0000:00:07.0: quirk: [io  0x4100-0x410f] claimed by PIIX4 SMB
[    0.565739] ACPI: PCI Interrupt Link [LNKA] (IRQs 5 9 10 *11)
[    0.572148] ACPI: PCI Interrupt Link [LNKB] (IRQs 5 9 *10 11)
[    0.575730] ACPI: PCI Interrupt Link [LNKC] (IRQs 5 *9 10 11)
[    0.580386] ACPI: PCI Interrupt Link [LNKD] (IRQs 5 9 10 *11)
[    0.580722] SCSI subsystem initialized
[    0.584129] pci 0000:00:02.0: vgaarb: setting as boot VGA device
[    0.588000] pci 0000:00:02.0: vgaarb: VGA device added: decodes=io+mem,owns=io+mem,locks=none
[    0.596018] pci 0000:00:02.0: vgaarb: bridge control possible
[    0.597928] vgaarb: loaded
[    0.599040] ACPI: bus type USB registered
[    0.604062] usbcore: registered new interface driver usbfs
[    0.608057] usbcore: registered new interface driver hub
[    0.612031] usbcore: registered new device driver usb
[    0.612072] EDAC MC: Ver: 3.0.0
[    0.616054] PCI: Using ACPI for IRQ routing
[    0.617674] NetLabel: Initializing
[    0.620031] NetLabel:  domain hash size = 128
[    0.622199] NetLabel:  protocols = UNLABELED CIPSOv4 CALIPSO
[    0.628040] NetLabel:  unlabeled traffic allowed by default
[    0.630011] clocksource: Switched to clocksource kvm-clock
[    0.680748] VFS: Disk quotas dquot_6.6.0
[    0.682638] VFS: Dquot-cache hash table entries: 512 (order 0, 4096 bytes)
[    0.689301] AppArmor: AppArmor Filesystem Enabled
[    0.692532] pnp: PnP ACPI init
[    0.696647] pnp: PnP ACPI: found 3 devices
[    0.709080] clocksource: acpi_pm: mask: 0xffffff max_cycles: 0xffffff, max_idle_ns: 2085701024 ns
[    0.713695] NET: Registered protocol family 2
[    0.715833] TCP established hash table entries: 8192 (order: 4, 65536 bytes)
[    0.725283] TCP bind hash table entries: 8192 (order: 5, 131072 bytes)
[    0.738825] TCP: Hash tables configured (established 8192 bind 8192)
[    0.743253] UDP hash table entries: 512 (order: 2, 16384 bytes)
[    0.746058] UDP-Lite hash table entries: 512 (order: 2, 16384 bytes)
[    0.749002] NET: Registered protocol family 1
[    0.753610] pci 0000:00:00.0: Limiting direct PCI/PCI transfers
[    0.757386] pci 0000:00:01.0: Activating ISA DMA hang workarounds
[    0.760009] pci 0000:00:02.0: Video device with shadowed ROM at [mem 0x000c0000-0x000dffff]
[    0.762991] Unpacking initramfs...
[    1.556508] Freeing initrd memory: 19516K
[    1.558785] clocksource: tsc: mask: 0xffffffffffffffff max_cycles: 0x396d54029a7, max_idle_ns: 881590429682 ns
[    1.564127] platform rtc_cmos: registered platform RTC device (no PNP device found)
[    1.568076] Scanning for low memory corruption every 60 seconds
[    1.572627] Initialise system trusted keyrings
[    1.575049] Key type blacklist registered
[    1.577151] workingset: timestamp_bits=36 max_order=18 bucket_order=0
[    1.583041] zbud: loaded
[    1.586417] squashfs: version 4.0 (2009/01/31) Phillip Lougher
[    1.590571] fuse init (API version 7.26)
[    1.599038] Key type asymmetric registered
[    1.601219] Asymmetric key parser 'x509' registered
[    1.603502] Block layer SCSI generic (bsg) driver version 0.4 loaded (major 246)
[    1.607922] io scheduler noop registered
[    1.610422] io scheduler deadline registered
[    1.612785] io scheduler cfq registered (default)
[    1.615608] ACPI: AC Adapter [AC] (on-line)
[    1.618522] input: Power Button as /devices/LNXSYSTM:00/LNXPWRBN:00/input/input0
[    1.623038] ACPI: Power Button [PWRF]
[    1.625497] input: Sleep Button as /devices/LNXSYSTM:00/LNXSLPBN:00/input/input1
[    1.628563] ACPI: Sleep Button [SLPF]
[    1.631315] Serial: 8250/16550 driver, 32 ports, IRQ sharing enabled
[    1.634392] ACPI: Battery Slot [BAT0] (battery present)
[    1.662678] 00:02: ttyS0 at I/O 0x3f8 (irq = 4, base_baud = 115200) is a 16550A
[    1.670517] Linux agpgart interface v0.103
[    1.675255] loop: module loaded
[    1.678281] scsi host0: ata_piix
[    1.680327] scsi host1: ata_piix
[    1.682338] ata1: PATA max UDMA/33 cmd 0x1f0 ctl 0x3f6 bmdma 0xd000 irq 14
[    1.685665] ata2: PATA max UDMA/33 cmd 0x170 ctl 0x376 bmdma 0xd008 irq 15
[    1.690094] libphy: Fixed MDIO Bus: probed
[    1.693711] tun: Universal TUN/TAP device driver, 1.6
[    1.697530] PPP generic driver version 2.4.2
[    1.699566] ehci_hcd: USB 2.0 'Enhanced' Host Controller (EHCI) Driver
[    1.702299] ehci-pci: EHCI PCI platform driver
[    1.704196] ehci-platform: EHCI generic platform driver
[    1.709011] ohci_hcd: USB 1.1 'Open' Host Controller (OHCI) Driver
[    1.711736] ohci-pci: OHCI PCI platform driver
[    1.713688] ohci-platform: OHCI generic platform driver
[    1.718012] uhci_hcd: USB Universal Host Controller Interface driver
[    1.722512] i8042: PNP: PS/2 Controller [PNP0303:PS2K,PNP0f03:PS2M] at 0x60,0x64 irq 1,12
[    1.728958] serio: i8042 KBD port at 0x60,0x64 irq 1
[    1.731145] serio: i8042 AUX port at 0x60,0x64 irq 12
[    1.733596] mousedev: PS/2 mouse device common for all mice
[    1.737787] input: AT Translated Set 2 keyboard as /devices/platform/i8042/serio0/input/input2
[    1.741677] rtc_cmos rtc_cmos: rtc core: registered rtc_cmos as rtc0
[    1.746902] rtc_cmos rtc_cmos: alarms up to one day, 114 bytes nvram
[    1.751251] i2c /dev entries driver
[    1.752668] device-mapper: uevent: version 1.0.3
[    1.754321] device-mapper: ioctl: 4.37.0-ioctl (2017-09-20) initialised: dm-devel@redhat.com
[    1.757926] ledtrig-cpu: registered to indicate activity on CPUs
[    1.760559] NET: Registered protocol family 10
[    1.768475] Segment Routing with IPv6
[    1.769914] NET: Registered protocol family 17
[    1.772063] Key type dns_resolver registered
[    1.773822] mce: Using 0 MCE banks
[    1.775160] RAS: Correctable Errors collector initialized.
[    1.777097] sched_clock: Marking stable (1777063242, 0)->(2254672601, -477609359)
[    1.780771] registered taskstats version 1
[    1.782244] Loading compiled-in X.509 certificates
[    1.788126] Loaded X.509 cert 'Build time autogenerated kernel key: 51fb7d4f1badf96545a23cd59566c79f3f9ecc26'
[    1.792591] Loaded X.509 cert 'Canonical Ltd. Live Patch Signing: 14df34d1a87cf37625abec039ef2bf521249b969'
[    1.797355] Loaded X.509 cert 'Canonical Ltd. Kernel Module Signing: 88f752e560a1e0737e31163a466ad7b70a850c19'
[    1.801063] zswap: loaded using pool lzo/zbud
[    1.808103] Key type big_key registered
[    1.809741] Key type trusted registered
[    1.813717] Key type encrypted registered
[    1.815175] AppArmor: AppArmor sha1 policy hashing enabled
[    1.817798] ima: No TPM chip found, activating TPM-bypass! (rc=-19)
[    1.819975] ima: Allocated hash algorithm: sha1
[    1.821724] evm: HMAC attrs: 0x1
[    1.823648]   Magic number: 13:576:521
[    1.825385] rtc_cmos rtc_cmos: setting system clock to 2021-07-18 07:32:51 UTC (1626593571)
[    1.828387] BIOS EDD facility v0.16 2004-Jun-25, 0 devices found
[    1.830459] EDD information not available.
[    1.893354] Freeing unused kernel image memory: 2448K
[    1.905389] Write protecting the kernel read-only data: 20480k
[    1.912250] Freeing unused kernel image memory: 2008K
[    1.917829] Freeing unused kernel image memory: 1824K
[    1.947522] x86/mm: Checked W+X mappings: passed, no W+X pages found.
[    1.950246] x86/mm: Checking user space page tables
[    1.970768] x86/mm: Checked W+X mappings: passed, no W+X pages found.
Loading, please wait...
starting version 237
[    2.123822] Fusion MPT base driver 3.04.20
[    2.126338] Copyright (c) 1999-2008 LSI Corporation
[    2.155803] e1000: Intel(R) PRO/1000 Network Driver - version 7.3.21-k8-NAPI
[    2.158830] e1000: Copyright (c) 1999-2006 Intel Corporation.
[    2.208598] AVX2 version of gcm_enc/dec engaged.
[    2.210819] AES CTR mode by8 optimization enabled
[    2.258184] Fusion MPT SPI Host driver 3.04.20
[    2.371225] input: ImExPS/2 Generic Explorer Mouse as /devices/platform/i8042/serio1/input/input4
[    2.823842] e1000 0000:00:03.0 eth0: (PCI:33MHz:32-bit) 02:c9:26:65:5d:a6
[    2.826404] e1000 0000:00:03.0 eth0: Intel(R) PRO/1000 Network Connection
[    2.831263] mptbase: ioc0: Initiating bringup
[    2.832565] e1000 0000:00:03.0 enp0s3: renamed from eth0
[    2.937646] ioc0: LSI53C1030 A0: Capabilities={Initiator}
[    3.187690] scsi host2: ioc0: LSI53C1030 A0, FwRev=00000000h, Ports=1, MaxQ=256, IRQ=20
[    3.361347] scsi 2:0:0:0: Direct-Access     VBOX     HARDDISK         1.0  PQ: 0 ANSI: 5
[    3.636860] scsi target2:0:0: Beginning Domain Validation
[    3.641739] scsi target2:0:0: Domain Validation skipping write tests
[    3.644889] scsi target2:0:0: Ending Domain Validation
[    3.647524] scsi target2:0:0: asynchronous
[    3.650327] scsi 2:0:1:0: Direct-Access     VBOX     HARDDISK         1.0  PQ: 0 ANSI: 5
[    4.212214] scsi target2:0:1: Beginning Domain Validation
[    4.217002] random: fast init done
[    4.220478] scsi target2:0:1: Domain Validation skipping write tests
[    4.224896] scsi target2:0:1: Ending Domain Validation
[    4.227686] scsi target2:0:1: asynchronous
[    4.239465] random: systemd-udevd: uninitialized urandom read (16 bytes read)
[    4.243633] random: systemd-udevd: uninitialized urandom read (16 bytes read)
[    4.249899] random: systemd-udevd: uninitialized urandom read (16 bytes read)
[    4.253662] sd 2:0:0:0: [sda] 83886080 512-byte logical blocks: (42.9 GB/40.0 GiB)
[    4.255113] sd 2:0:0:0: Attached scsi generic sg0 type 0
[    4.264094] sd 2:0:0:0: [sda] Write Protect is off
[    4.271874] sd 2:0:1:0: Attached scsi generic sg1 type 0
[    4.277515] sd 2:0:0:0: [sda] Incomplete mode parameter data
[    4.280352] sd 2:0:0:0: [sda] Assuming drive cache: write through
[    4.283642] sd 2:0:1:0: [sdb] 20480 512-byte logical blocks: (10.5 MB/10.0 MiB)
[    4.288547] sd 2:0:1:0: [sdb] Write Protect is off
[    4.289712]  sda: sda1
[    4.296545] sd 2:0:1:0: [sdb] Incomplete mode parameter data
[    4.296548] sd 2:0:1:0: [sdb] Assuming drive cache: write through
[    4.306223] sd 2:0:0:0: [sda] Attached SCSI disk
[    4.312178] sd 2:0:1:0: [sdb] Attached SCSI disk
Begin: Loading essential drivers ... [    6.712084] raid6: sse2x1   gen()  5053 MB/s
[    6.760097] raid6: sse2x1   xor()  3641 MB/s
[    6.808064] raid6: sse2x2   gen()  7795 MB/s
[    6.856092] raid6: sse2x2   xor()  4722 MB/s
[    6.904061] raid6: sse2x4   gen()  8885 MB/s
[    6.952087] raid6: sse2x4   xor()  5907 MB/s
[    7.000048] raid6: avx2x1   gen() 12853 MB/s
[    7.048136] raid6: avx2x1   xor()  8549 MB/s
[    7.096063] raid6: avx2x2   gen() 13368 MB/s
[    7.144089] raid6: avx2x2   xor() 10005 MB/s
[    7.192091] raid6: avx2x4   gen() 17035 MB/s
[    7.240034] raid6: avx2x4   xor() 10813 MB/s
[    7.241696] raid6: using algorithm avx2x4 gen() 17035 MB/s
[    7.243553] raid6: .... xor() 10813 MB/s, rmw enabled
[    7.245445] raid6: using avx2x2 recovery algorithm
[    7.249171] xor: automatically using best checksumming function   avx       
[    7.253392] async_tx: api initialized (async)
done.
Begin: Running /scripts/init-premount ... done.
Begin: Mounting root file system ... Begin: Running /scripts/local-top ... done.
Begin: Running /scripts/local-premount ... [    7.335738] Btrfs loaded, crc32c=crc32c-intel
Scanning for Btrfs filesystems
done.
Warning: fsck not present, so skipping root file system
[    7.396179] EXT4-fs (sda1): mounted filesystem with ordered data mode. Opts: (null)
done.
Begin: Running /scripts/local-bottom ... done.
Begin: Running /scripts/init-bottom ... done.
[    7.669011] ip_tables: (C) 2000-2006 Netfilter Core Team
[    7.681948] systemd[1]: systemd 237 running in system mode. (+PAM +AUDIT +SELINUX +IMA +APPARMOR +SMACK +SYSVINIT +UTMP +LIBCRYPTSETUP +GCRYPT +GNUTLS +ACL +XZ +LZ4 +SECCOMP +BLKID +ELFUTILS +KMOD -IDN2 +IDN -PCRE2 default-hierarchy=hybrid)
[    7.691301] systemd[1]: Detected virtualization oracle.
[    7.693846] systemd[1]: Detected architecture x86-64.

Welcome to [1mUbuntu 18.04.5 LTS[0m!

[    7.703362] systemd[1]: Set hostname to <ubuntu>.
[    7.710638] systemd[1]: Initializing machine ID from random generator.
[    7.713153] systemd[1]: Installed transient /etc/machine-id file.
[    8.137664] systemd[1]: Set up automount Arbitrary Executable File Formats File System Automount Point.
[[0;32m  OK  [0m] Set up automount Arbitrary Executab…rmats File System Automount Point.
[    8.142555] systemd[1]: Reached target User and Group Name Lookups.
[[0;32m  OK  [0m] Reached target User and Group Name Lookups.
[    8.145983] systemd[1]: Started Forward Password Requests to Wall Directory Watch.
[[0;32m  OK  [0m] Started Forward Password Requests to Wall Directory Watch.
[    8.152578] systemd[1]: Created slice System Slice.
[[0;32m  OK  [0m] Created slice System Slice.
[[0;32m  OK  [0m] Listening on udev Control Socket.
[[0;32m  OK  [0m] Listening on LVM2 metadata daemon socket.
[[0;32m  OK  [0m] Listening on Journal Audit Socket.
[[0;32m  OK  [0m] Created slice system-serial\x2dgetty.slice.
[[0;32m  OK  [0m] Listening on udev Kernel Socket.
[[0;32m  OK  [0m] Listening on Device-mapper event daemon FIFOs.
[[0;32m  OK  [0m] Listening on Journal Socket.
         Mounting POSIX Message Queue File System...
         Mounting Kernel Debug File System...
         Starting Set the console keyboard layout...
         Starting Load Kernel Modules...
[[0;32m  OK  [0m] Listening on /dev/initctl Compatibility Named Pipe.
         Starting Create list of required st…ce nodes for the current kernel...
[[0;32m  OK  [0m] Listening on LVM2 poll daemon socket.
[[0;32m  OK  [0m] Listening on Journal Socket (/dev/log).
[[0;32m  OK  [0m] Listening on Network Service Netlink Socket.
         Starting udev Coldplug all Devices...
[[0;32m  OK  [0m] Listening on fsck to fsckd communication Socket.
[    8.265432] Loading iSCSI transport class v2.0-870.
         Starting File System Check on Root Device...
[[0;32m  OK  [0m] Reached target System Time Synchronized.
         Starting Monitoring of LVM2 mirrors…ng dmeventd or progress polling...
         Starting Uncomplicated firewall...
[[0;32m  OK  [0m] Created slice User and Session Slice.
[[0;32m  OK  [0m] Reached target Swap.
         Mounting Huge Pages File System...
[[0;32m  OK  [0m] Listening on Syslog Socket.
         Starting Journal Service...
[[0;32m  OK  [0m] Reached target Slices.
[[0;32m  OK  [0m] Mounted POSIX Message Queue File System.
[    8.378535] iscsi: registered transport (tcp)
[[0;32m  OK  [0m] Mounted Kernel Debug File System.
[[0;32m  OK  [0m] Started Create list of required sta…vice nodes for the current kernel.
[[0;32m  OK  [0m] Started Uncomplicated firewall.
[[0;32m  OK  [0m] Mounted Huge Pages File System.
[[0;32m  OK  [0m] Started File System Check Daemon to report status.
[[0;32m  OK  [0m] Started LVM2 metadata daemon.
         Starting Create Static Device Nodes in /dev...
[[0;32m  OK  [0m] Started File System Check on Root Device.
         Starting Remount Root and Kernel File Systems...
[[0;32m  OK  [0m] Started udev Coldplug all Devices.
[[0;32m  OK  [0m] Started Create Static Device Nodes in /dev.
[[0;32m  OK  [0m] Started Journal Service.
[    8.571466] iscsi: registered transport (iser)
[    8.576959] EXT4-fs (sda1): re-mounted. Opts: (null)
[[0;32m  OK  [0m] Started Load Kernel Modules.
[[0;32m  OK  [0m] Started Monitoring of LVM2 mirrors,…sing dmeventd or progress polling.
[[0;32m  OK  [0m] Started Remount Root and Kernel File Systems.
         Starting Flush Journal to Persistent Storage...
         Starting udev Kernel Device Manager...
         Starting Load/Save Random Seed...
         Mounting Kernel Configuration File System...
         Mounting FUSE Control File System...
         Starting Apply Kernel Variables...
[    8.714713] systemd-journald[412]: Received request to flush runtime journal from PID 1
[[0;32m  OK  [0m] Mounted Kernel Configuration File System.
[[0;32m  OK  [0m] Mounted FUSE Control File System.
[[0;32m  OK  [0m] Started Load/Save Random Seed.
[[0;32m  OK  [0m] Started udev Kernel Device Manager.
[[0;32m  OK  [0m] Started Apply Kernel Variables.
[[0;32m  OK  [0m] Started Set the console keyboard layout.
[[0;32m  OK  [0m] Started Dispatch Password Requests to Console Directory Watch.
[[0;32m  OK  [0m] Reached target Local Encrypted Volumes.
[[0;32m  OK  [0m] Reached target Local File Systems (Pre).
[[0;32m  OK  [0m] Reached target Local File Systems.
         Starting Set console font and keymap...
         Starting Commit a transient machine-id on disk...
         Starting Tell Plymouth To Write Out Runtime Data...
         Starting AppArmor initialization...
         Starting ebtables ruleset management...
[[0;32m  OK  [0m] Started Set console font and keymap.
[[0;32m  OK  [0m] Started Flush Journal to Persistent Storage.
[[0;32m  OK  [0m] Started Tell Plymouth To Write Out Runtime Data.
         Starting Create Volatile Files and Directories...
[[0;32m  OK  [0m] Started Create Volatile Files and Directories.
         Starting Update UTMP about System Boot/Shutdown...
[[0;32m  OK  [0m] Started Commit a transient machine-id on disk.
[[0;32m  OK  [0m] Started Update UTMP about System Boot/Shutdown.
[[0;32m  OK  [0m] Started ebtables ruleset management.
[[0;32m  OK  [0m] Found device /dev/ttyS0.
[[0;32m  OK  [0m] Listening on Load/Save RF Kill Switch Status /dev/rfkill Watch.
[[0;32m  OK  [0m] Started AppArmor initialization.
         Starting Initial cloud-init job (pre-networking)...
         Starting Load AppArmor profiles managed internally by snapd...
[[0;32m  OK  [0m] Started Load AppArmor profiles managed internally by snapd.
[   14.979212] cloud-init[566]: Cloud-init v. 21.2-3-g899bfaa9-0ubuntu2~18.04.1 running 'init-local' at Sun, 18 Jul 2021 07:33:03 +0000. Up 14.18 seconds.
[[0;32m  OK  [0m] Started Initial cloud-init job (pre-networking).
[[0;32m  OK  [0m] Reached target Network (Pre).
         Starting Network Service...
[[0;32m  OK  [0m] Started Network Service.
         Starting Network Name Resolution...
         Starting Wait for Network to be Configured...
[[0;32m  OK  [0m] Started Network Name Resolution.
[[0;32m  OK  [0m] Reached target Host and Network Name Lookups.
[[0;32m  OK  [0m] Reached target Network.
[[0;32m  OK  [0m] Started Wait for Network to be Configured.
         Starting Initial cloud-init job (metadata service crawler)...
[   17.783851] cloud-init[658]: Cloud-init v. 21.2-3-g899bfaa9-0ubuntu2~18.04.1 running 'init' at Sun, 18 Jul 2021 07:33:07 +0000. Up 17.36 seconds.
[   17.789452] cloud-init[658]: ci-info: ++++++++++++++++++++++++++++++++++++++Net device info++++++++++++++++++++++++++++++++++++++
[   17.794232] cloud-init[658]: ci-info: +--------+------+----------------------------+---------------+--------+-------------------+
[   17.799637] cloud-init[658]: ci-info: | Device |  Up  |          Address           |      Mask     | Scope  |     Hw-Address    |
[   17.804934] cloud-init[658]: ci-info: +--------+------+----------------------------+---------------+--------+-------------------+
[   17.807834] cloud-init[658]: ci-info: | enp0s3 | True |         10.0.2.15          | 255.255.255.0 | global | 02:c9:26:65:5d:a6 |
[   17.810989] cloud-init[658]: ci-info: | enp0s3 | True | fe80::c9:26ff:fe65:5da6/64 |       .       |  link  | 02:c9:26:65:5d:a6 |
[   17.824448] cloud-init[658]: ci-info: |   lo   | True |         127.0.0.1          |   255.0.0.0   |  host  |         .         |
[   17.828499] cloud-init[658]: ci-info: |   lo   | True |          ::1/128           |       .       |  host  |         .         |
[   17.833583] cloud-init[658]: ci-info: +--------+------+----------------------------+---------------+--------+-------------------+
[   17.837667] cloud-init[658]: ci-info: ++++++++++++++++++++++++++++Route IPv4 info+++++++++++++++++++++++++++++
[   17.841380] cloud-init[658]: ci-info: +-------+-------------+----------+-----------------+-----------+-------+
[   17.845132] cloud-init[658]: ci-info: | Route | Destination | Gateway  |     Genmask     | Interface | Flags |
[   17.847869] cloud-init[658]: ci-info: +-------+-------------+----------+-----------------+-----------+-------+
[   17.851000] cloud-init[658]: ci-info: |   0   |   0.0.0.0   | 10.0.2.2 |     0.0.0.0     |   enp0s3  |   UG  |
[   17.854281] cloud-init[658]: ci-info: |   1   |   10.0.2.0  | 0.0.0.0  |  255.255.255.0  |   enp0s3  |   U   |
[   17.857814] cloud-init[658]: ci-info: |   2   |   10.0.2.2  | 0.0.0.0  | 255.255.255.255 |   enp0s3  |   UH  |
[   17.861501] cloud-init[658]: ci-info: +-------+-------------+----------+-----------------+-----------+-------+
[   17.865713] cloud-init[658]: ci-info: +++++++++++++++++++Route IPv6 info+++++++++++++++++++
[   17.870329] cloud-init[658]: ci-info: +-------+-------------+---------+-----------+-------+
[   17.884380] cloud-init[658]: ci-info: | Route | Destination | Gateway | Interface | Flags |
[   17.886463] cloud-init[658]: ci-info: +-------+-------------+---------+-----------+-------+
[   17.900335] cloud-init[658]: ci-info: |   1   |  fe80::/64  |    ::   |   enp0s3  |   U   |
[   17.903287] cloud-init[658]: ci-info: |   3   |    local    |    ::   |   enp0s3  |   U   |
[   17.905783] cloud-init[658]: ci-info: |   4   |   ff00::/8  |    ::   |   enp0s3  |   U   |
[   17.908455] cloud-init[658]: ci-info: +-------+-------------+---------+-----------+-------+
[   18.920101] cloud-init[658]: Generating public/private rsa key pair.
[   18.922582] cloud-init[658]: Your identification has been saved in /etc/ssh/ssh_host_rsa_key.
[   18.925673] cloud-init[658]: Your public key has been saved in /etc/ssh/ssh_host_rsa_key.pub.
[   18.928875] cloud-init[658]: The key fingerprint is:
[   18.931091] cloud-init[658]: SHA256:1aQjG3xp1cD0YkHW1xkJxEwMMJ0EHqpSwW/ZKM6rrOA root@ubuntu-bionic
[   18.935007] cloud-init[658]: The key's randomart image is:
[   18.936723] cloud-init[658]: +---[RSA 2048]----+
[   18.938914] cloud-init[658]: |    ..   ==*^B..=|
[   18.941706] cloud-init[658]: |     ...o oX.*ooo|
[   18.944167] cloud-init[658]: |     ...B.B + .. |
[   18.946240] cloud-init[658]: |    ...= O o .   |
[   18.948092] cloud-init[658]: |   .o.o S        |
[   18.949445] cloud-init[658]: |    .o           |
[   18.950582] cloud-init[658]: |.     .          |
[   18.951673] cloud-init[658]: |o .  .           |
[   18.952933] cloud-init[658]: | E.o.            |
[   18.955241] cloud-init[658]: +----[SHA256]-----+
[   18.957179] cloud-init[658]: Generating public/private dsa key pair.
[   18.959385] cloud-init[658]: Your identification has been saved in /etc/ssh/ssh_host_dsa_key.
[   18.962083] cloud-init[658]: Your public key has been saved in /etc/ssh/ssh_host_dsa_key.pub.
[   18.964839] cloud-init[658]: The key fingerprint is:
[   18.966697] cloud-init[658]: SHA256:K/DfJ69fK12mZCzzGD8aLCXbenWt0gReWrT3cKEINKo root@ubuntu-bionic
[   18.970478] cloud-init[658]: The key's randomart image is:
[   18.973127] cloud-init[658]: +---[DSA 1024]----+
[   18.975374] cloud-init[658]: |        .o       |
[   18.977593] cloud-init[658]: |        ...   .. |
[   18.979854] cloud-init[658]: |       .  . .....|
[   18.982067] cloud-init[658]: |      .    ...= o|
[   18.992559] cloud-init[658]: |    .E  S ...* +o|
[   18.994900] cloud-init[658]: |     o   . ** * *|
[   18.997156] cloud-init[658]: |      o . o +#.* |
[   19.000332] cloud-init[658]: |       o ..o*oO. |
[   19.002504] cloud-init[658]: |        . +B++.. |
[   19.004480] cloud-init[658]: +----[SHA256]-----+
[   19.007541] cloud-init[658]: Generating public/private ecdsa key pair.
[   19.012429] cloud-init[658]: Your identification has been saved in /etc/ssh/ssh_host_ecdsa_key.
[   19.017207] cloud-init[658]: Your public key has been saved in /etc/ssh/ssh_host_ecdsa_key.pub.
[   19.019874] cloud-init[658]: The key fingerprint is:
[   19.022016] cloud-init[658]: SHA256:f8lIBlgHRq9wItick+1uxQ2Utx1SpHx+od4i1FqFlBI root@ubuntu-bionic
[   19.027054] cloud-init[658]: The key's randomart image is:
[   19.030681] cloud-init[658]: +---[ECDSA 256]---+
[   19.033344] cloud-init[658]: |       .*oE++.   |
[   19.035283] cloud-init[658]: |   + + =.++oo.   |
[   19.039534] cloud-init[658]: |  . B = +.+=o.o  |
[   19.041853] cloud-init[658]: |     + = =.+.o . |
[[0;32m  OK  [0m] Started Initial cloud-init job (metadata service crawler).
[   19.045990] [[0;32m  OK  [0m] Reached target Cloud-config availability.
[[0;32m  OK  [0m] Reached target Network is Online.
cloud-init[658]: |      . S = = .  |
         Starting Availability of block devices...
[[0;32m  OK  [0m] Reached target Remote File Systems (Pre).
[[0;32m  OK  [0m] Reached target Remote File Systems.
[   19.054289] cloud-init[658]: |     . . = * +   |
[[0;32m  OK  [0m] Reached target System Initialization.
[[0;32m  OK  [0m] Started Message of the Day.
[   19.056329] cloud-init[658]: |      o   = * .  |
[   19.064689] cloud-init[658]: |     .     o .   |
[[0;32m  OK  [0m] Started ACPI Events Check.
[[0;32m  OK  [0m] Started Ubuntu Advantage update messaging.
[[0;32m  OK  [0m] Started Daily apt download activities.
[[0;32m  OK  [0m] Started Daily apt upgrade and clean activities.
[[0;32m  OK  [0m] Listening on ACPID Listen Socket.
         Starting Socket activation for snappy daemon.
[[0;32m  OK  [0m] Listening on Open-iSCSI iscsid Socket.
[[0;32m  OK  [0m] Reached target Paths.
[[0;32m  OK  [0m] Started Discard unused blocks once a week.
[[0;32m  OK  [0m] Listening on UUID daemon activation socket.
[[0;32m  OK  [0m] Started Daily Cleanup of Temporary Directories.
[   19.074424] cloud-init[658]: |                 |
[[0;32m  OK  [0m] Reached target Timers.
[   19.110134] cloud-init[658]: +----[SHA256]-----+
         Starting LXD - unix socket.
[[0;32m  OK  [0m] Listening on D-Bus System Message Bus Socket.
[[0;32m  OK  [0m] Started Availability of block devices.
[   19.121577] [[0;32m  OK  [0m] Listening on Socket activation for snappy daemon.
cloud-init[658]: Generating public/private ed25519 key pair.
[[0;32m  OK  [0m] Listening on LXD - unix socket.
[[0;32m  OK  [0m] Reached target Sockets.
[   19.130662] [[0;32m  OK  [0m] Reached target Basic System.
cloud-init[658]: [[0;32m  OK  [0m] Started Deferred execution scheduler.
Your identification has been saved in /etc/ssh/ssh_host_ed25519_key.         Starting Permit User Sessions...

[   19.145924] [[0;32m  OK  [0m] Started FUSE filesystem for LXC.
cloud-init[658]: Your public key has been saved in /etc/ssh/ssh_host_ed25519_key.pub.         Starting LSB: Record successful boot for GRUB...

         Starting Virtualbox guest utils...
[   19.161754] cloud-init[658]:          Starting LXD - container startup/shutdown...
         Starting System Logging Service...
The key fingerprint is:
[   19.184258] cloud-init[658]: SHA256:jE/5cJuZGlBpXM4zQZl37bnlH4KZML3UiHs/6i+FPKA root@ubuntu-bionic
[   19.186833] cloud-init[658]: [[0;32m  OK  [0m] Started Regular background program processing daemon.
         Starting Accounts Service...
         Starting LSB: automatic crash report generation...
The key's randomart image is:[[0;32m  OK  [0m] Started D-Bus System Message Bus.

[   19.223259] cloud-init[658]: +--[ED25519 256]--+
[   19.227386] cloud-init[658]: |         .+o   . |
[   19.231435] cloud-init[658]: |       . =o.. . .|
[   19.235784] cloud-init[658]: |        = B.o. ..|
[   19.237662] cloud-init[658]: |       = * * . .o|
[   19.240537] cloud-init[658]: |      o S O *  .o|
[   19.246091] cloud-init[658]: |       E = # o o.|
[   19.260407] cloud-init[658]: |        o B + . o|
[   19.264328] cloud-init[658]: |         o . o  .|
[   19.269205] cloud-init[658]: |        . .o+..  |
[   19.276490] cloud-init[658]: +----[SHA256]-----+
[[0;32m  OK  [0m] Started irqbalance daemon.
         Starting Dispatcher daemon for systemd-networkd...
         Starting Pollinate to seed the pseudo random number generator...
         Starting Snap Daemon...
         Starting Login Service...
[[0;32m  OK  [0m] Started System Logging Service.
[[0;32m  OK  [0m] Started Permit User Sessions.
[[0;32m  OK  [0m] Started Login Service.
[[0;32m  OK  [0m] Started Unattended Upgrades Shutdown.
         Starting Authorization Manager...
         Starting Hold until boot process finishes up...
         Starting Terminate Plymouth Boot Screen...
[[0;32m  OK  [0m] Started Hold until boot process finishes up.
[[0;32m  OK  [0m] Started Serial Getty on ttyS0.
         Starting Set console scheme...
[[0;32m  OK  [0m] Started Terminate Plymouth Boot Screen.
[[0;32m  OK  [0m] Started LSB: automatic crash report generation.
[[0;32m  OK  [0m] Started Set console scheme.
[[0;32m  OK  [0m] Created slice system-getty.slice.
[[0;32m  OK  [0m] Started Getty on tty1.
[[0;32m  OK  [0m] Reached target Login Prompts.
[[0;32m  OK  [0m] Started LSB: Record successful boot for GRUB.
[[0;32m  OK  [0m] Started Authorization Manager.
[[0;32m  OK  [0m] Started Accounts Service.
[[0;32m  OK  [0m] Started LXD - container startup/shutdown.
[[0;32m  OK  [0m] Started Virtualbox guest utils.
[[0;32m  OK  [0m] Started Dispatcher daemon for systemd-networkd.
[[0;32m  OK  [0m] Started Snap Daemon.
         Starting Wait until snapd is fully seeded...
[[0;32m  OK  [0m] Started Pollinate to seed the pseudo random number generator.
         Starting OpenBSD Secure Shell server...
[[0;32m  OK  [0m] Started OpenBSD Secure Shell server.
[[0;32m  OK  [0m] Created slice User Slice of vagrant.
         Starting User Manager for UID 1000...
[[0;32m  OK  [0m] Started Session 1 of user vagrant.
[[0;32m  OK  [0m] Started User Manager for UID 1000.

Ubuntu 18.04.5 LTS ubuntu-bionic ttyS0

ubuntu-bionic login: [   35.435160] cloud-init[1551]: Cloud-init v. 21.2-3-g899bfaa9-0ubuntu2~18.04.1 running 'modules:config' at Sun, 18 Jul 2021 07:33:24 +0000. Up 34.35 seconds.
[[0;32m  OK  [0m] Started Apply the settings specified in cloud-config.
         Starting Execute cloud user/final scripts...
ci-info: no authorized SSH keys fingerprints found for user ubuntu.
<14>Jul 18 07:33:26 cloud-init: #############################################################
<14>Jul 18 07:33:26 cloud-init: -----BEGIN SSH HOST KEY FINGERPRINTS-----
<14>Jul 18 07:33:26 cloud-init: 1024 SHA256:K/DfJ69fK12mZCzzGD8aLCXbenWt0gReWrT3cKEINKo root@ubuntu-bionic (DSA)
<14>Jul 18 07:33:26 cloud-init: 256 SHA256:f8lIBlgHRq9wItick+1uxQ2Utx1SpHx+od4i1FqFlBI root@ubuntu-bionic (ECDSA)
<14>Jul 18 07:33:26 cloud-init: 256 SHA256:jE/5cJuZGlBpXM4zQZl37bnlH4KZML3UiHs/6i+FPKA root@ubuntu-bionic (ED25519)
<14>Jul 18 07:33:26 cloud-init: 2048 SHA256:1aQjG3xp1cD0YkHW1xkJxEwMMJ0EHqpSwW/ZKM6rrOA root@ubuntu-bionic (RSA)
<14>Jul 18 07:33:26 cloud-init: -----END SSH HOST KEY FINGERPRINTS-----
<14>Jul 18 07:33:26 cloud-init: #############################################################
-----BEGIN SSH HOST KEY KEYS-----
ecdsa-sha2-nistp256 AAAAE2VjZHNhLXNoYTItbmlzdHAyNTYAAAAIbmlzdHAyNTYAAABBBHrmPCYVWbOfpXJnriSbKkX92c3g8ltrglrnKph0+mTzpSQIeQhPkNzLfapLLvm815hOLb4RncE7/lsUKoj3ayI= root@ubuntu-bionic
ssh-ed25519 AAAAC3NzaC1lZDI1NTE5AAAAIBb+aqd/Hw7F7jz9YT9TBjaSetAc5o6i1xiO5ZsJpy+h root@ubuntu-bionic
ssh-rsa AAAAB3NzaC1yc2EAAAADAQABAAABAQCuRnU1XUN8Y5Jtk+nxuPWCt6+l74qoLqNAxCTaRLKmpuWSNTYMJwrWMzpklVm5ySxrLocyQvIyaQmXH+dXHW2Iz/bbnM3s1BRjsKWIe0huwU9AoRQ2Ktab7KJIcD6hCPvkPKSCYFSCAOfBO3oPQuy6p0LXig6MMW/NVgC1Vn6LSLnahFbF3nwJfF0qJ3oBxuukKNIABqoUvkyhMoGruJEyd6QPm3RJBqVEsfzc41IQROFGD9ZVRcuNjse7Vc+VySGfsvXDAmwLwWlLBTSYpc0JlHOOQHydTckPiNRj3tD5AxJVS3ooF5A+C5MlKvWt1040Q1y7urrZLkm4/rhW3vjZ root@ubuntu-bionic
-----END SSH HOST KEY KEYS-----
[   36.860845] cloud-init[1745]: Cloud-init v. 21.2-3-g899bfaa9-0ubuntu2~18.04.1 running 'modules:final' at Sun, 18 Jul 2021 07:33:26 +0000. Up 36.49 seconds.
[   36.869809] cloud-init[1745]: ci-info: no authorized SSH keys fingerprints found for user ubuntu.
[   36.877230] cloud-init[1745]: Cloud-init v. 21.2-3-g899bfaa9-0ubuntu2~18.04.1 finished at Sun, 18 Jul 2021 07:33:26 +0000. Datasource DataSourceNoCloud [seed=/dev/sdb][dsmode=net].  Up 36.83 seconds
[[0;32m  OK  [0m] Started Execute cloud user/final scripts.
[[0;32m  OK  [0m] Reached target Cloud-init target.
